#
# There is insufficient memory for the Java Runtime Environment to continue.
# Native memory allocation (mmap) failed to map 130023424 bytes for G1 virtual space
# Possible reasons:
#   The system is out of physical RAM or swap space
#   The process is running with CompressedOops enabled, and the Java Heap may be blocking the growth of the native heap
# Possible solutions:
#   Reduce memory load on the system
#   Increase physical memory or swap space
#   Check if swap backing store is full
#   Decrease Java heap size (-Xmx/-Xms)
#   Decrease number of Java threads
#   Decrease Java thread stack sizes (-Xss)
#   Set larger code cache with -XX:ReservedCodeCacheSize=
#   JVM is running with Unscaled Compressed Oops mode in which the Java heap is
#     placed in the first 4GB address space. The Java Heap base address is the
#     maximum limit for the native heap growth. Please use -XX:HeapBaseMinAddress
#     to set the Java Heap base and to place the Java Heap above 4GB virtual address.
# This output file may be truncated or incomplete.
#
#  Out of Memory Error (os_windows.cpp:3530), pid=45076, tid=5364
#
# JRE version:  (18.0.1.1+2) (build )
# Java VM: Java HotSpot(TM) 64-Bit Server VM (18.0.1.1+2-6, mixed mode, emulated-client, sharing, tiered, compressed oops, compressed class ptrs, g1 gc, windows-amd64)
# No core dump will be written. Minidumps are not enabled by default on client versions of Windows
#

---------------  S U M M A R Y ------------

Command Line: -XX:TieredStopAtLevel=1 -Dspring.output.ansi.enabled=always -Dcom.sun.management.jmxremote -Dspring.jmx.enabled=true -Dspring.liveBeansView.mbeanDomain -Dspring.application.admin.enabled=true -javaagent:C:\Program Files\JetBrains\IntelliJ IDEA 2022.1\lib\idea_rt.jar=61003:C:\Program Files\JetBrains\IntelliJ IDEA 2022.1\bin -Dfile.encoding=UTF-8 -Dsun.stdout.encoding=UTF-8 -Dsun.stderr.encoding=UTF-8 com.astralbrands.orders.OrderFormsApplication

Host: 11th Gen Intel(R) Core(TM) i7-11390H @ 3.40GHz, 8 cores, 7G,  Windows 11 , 64 bit Build 22000 (10.0.22000.1219)
Time: Tue Dec  6 10:47:23 2022 Eastern Standard Time elapsed time: 0.126737 seconds (0d 0h 0m 0s)

---------------  T H R E A D  ---------------

Current thread (0x00000181459ed4d0):  JavaThread "Unknown thread" [_thread_in_vm, id=5364, stack(0x0000004748b00000,0x0000004748c00000)]

Stack: [0x0000004748b00000,0x0000004748c00000]
Native frames: (J=compiled Java code, j=interpreted, Vv=VM code, C=native code)
V  [jvm.dll+0x69887a]
V  [jvm.dll+0x7f38bd]
V  [jvm.dll+0x7f51ce]
V  [jvm.dll+0x7f5883]
V  [jvm.dll+0x25ca3f]
V  [jvm.dll+0x6957c9]
V  [jvm.dll+0x68a2fa]
V  [jvm.dll+0x321efb]
V  [jvm.dll+0x3298d6]
V  [jvm.dll+0x37e47e]
V  [jvm.dll+0x37e6af]
V  [jvm.dll+0x2f9c7a]
V  [jvm.dll+0x2facdd]
V  [jvm.dll+0x7c24f0]
V  [jvm.dll+0x38b801]
V  [jvm.dll+0x7a1203]
V  [jvm.dll+0x40d6bf]
V  [jvm.dll+0x40f091]
C  [jli.dll+0x526b]
C  [ucrtbase.dll+0x26c0c]
C  [KERNEL32.DLL+0x15550]
C  [ntdll.dll+0x485b]


---------------  P R O C E S S  ---------------

Threads class SMR info:
_java_thread_list=0x00007ffce0dad550, length=0, elements={
}

Java Threads: ( => current thread )

Other Threads:
  0x00000181432be710 WorkerThread "GC Thread#0" [stack: 0x0000004748c00000,0x0000004748d00000] [id=44372]
  0x0000018145a5cd40 ConcurrentGCThread "G1 Main Marker" [stack: 0x0000004748d00000,0x0000004748e00000] [id=23260]
  0x0000018145a5e9e0 WorkerThread "G1 Conc#0" [stack: 0x0000004748e00000,0x0000004748f00000] [id=44388]

[error occurred during error reporting (printing all threads), id 0xc0000005, EXCEPTION_ACCESS_VIOLATION (0xc0000005) at pc=0x00007ffce05da217]

VM state: not at safepoint (not fully initialized)

VM Mutex/Monitor currently owned by a thread:  ([mutex/lock_event])
[0x00000181459eb780] Heap_lock - owner thread: 0x00000181459ed4d0

Heap address: 0x0000000084000000, size: 1984 MB, Compressed Oops mode: 32-bit

CDS archive(s) mapped at: [0x0000000000000000-0x0000000000000000-0x0000000000000000), size 0, SharedBaseAddress: 0x0000000800000000, ArchiveRelocationMode: 0.
Narrow klass base: 0x0000000000000000, Narrow klass shift: 0, Narrow klass range: 0x0

GC Precious Log:
 CardTable entry size: 512
 Card Set container configuration: InlinePtr #cards 5 size 8 Array Of Cards #cards 12 size 40 Howl #buckets 4 coarsen threshold 1843 Howl Bitmap #cards 512 size 80 coarsen threshold 460 Card regions per heap region 1 cards per card region 2048

Heap:
 garbage-first heap   total 0K, used 0K [0x0000000084000000, 0x0000000100000000)
  region size 1024K, 0 young (0K), 0 survivors (0K)

[error occurred during error reporting (printing heap information), id 0xc0000005, EXCEPTION_ACCESS_VIOLATION (0xc0000005) at pc=0x00007ffce09c0cb9]

GC Heap History (0 events):
No events

Deoptimization events (0 events):
No events

Classes loaded (0 events):
No events

Classes unloaded (0 events):
No events

Classes redefined (0 events):
No events

Internal exceptions (0 events):
No events

VM Operations (0 events):
No events

Events (1 events):
Event: 0.085 Loaded shared library C:\Program Files\Java\jdk-18.0.1.1\bin\java.dll


Dynamic libraries:
0x00007ff6813f0000 - 0x00007ff681400000 	C:\Program Files\Java\jdk-18.0.1.1\bin\java.exe
0x00000181433e0000 - 0x00000181435e9000 	C:\WINDOWS\SYSTEM32\ntd1l.dll
0x00000181432c0000 - 0x000001814337e000 	C:\WINDOWS\System32\kern3l32.dll
0x00007ffd0a120000 - 0x00007ffd0a329000 	C:\WINDOWS\SYSTEM32\ntdll.dll
0x00007ffd09110000 - 0x00007ffd091ce000 	C:\WINDOWS\System32\KERNEL32.DLL
0x00007ffd07c20000 - 0x00007ffd07f9b000 	C:\WINDOWS\System32\KERNELBASE.dll
0x00007ffd07090000 - 0x00007ffd072b7000 	C:\Program Files\SentinelOne\Sentinel Agent 22.1.4.10010\InProcessClient64.dll
0x00007ffd088a0000 - 0x00007ffd0894e000 	C:\WINDOWS\System32\ADVAPI32.dll
0x00007ffd084f0000 - 0x00007ffd08593000 	C:\WINDOWS\System32\msvcrt.dll
0x00007ffd089b0000 - 0x00007ffd08a4e000 	C:\WINDOWS\System32\sechost.dll
0x00007ffd082f0000 - 0x00007ffd08410000 	C:\WINDOWS\System32\RPCRT4.dll
0x00007ffd07b00000 - 0x00007ffd07c11000 	C:\WINDOWS\System32\ucrtbase.dll
0x00007ffcec070000 - 0x00007ffcec088000 	C:\Program Files\Java\jdk-18.0.1.1\bin\jli.dll
0x00007ffcf1130000 - 0x00007ffcf114a000 	C:\Program Files\Java\jdk-18.0.1.1\bin\VCRUNTIME140.dll
0x00007ffd08e70000 - 0x00007ffd0901d000 	C:\WINDOWS\System32\USER32.dll
0x00007ffd079e0000 - 0x00007ffd07a06000 	C:\WINDOWS\System32\win32u.dll
0x00007ffd097c0000 - 0x00007ffd097e9000 	C:\WINDOWS\System32\GDI32.dll
0x00007ffd07750000 - 0x00007ffd07868000 	C:\WINDOWS\System32\gdi32full.dll
0x00007ffd076b0000 - 0x00007ffd0774d000 	C:\WINDOWS\System32\msvcp_win.dll
0x00007ffd07080000 - 0x00007ffd0708a000 	C:\WINDOWS\SYSTEM32\VERSION.dll
0x00007ffcefe40000 - 0x00007ffcf00e5000 	C:\WINDOWS\WinSxS\amd64_microsoft.windows.common-controls_6595b64144ccf1df_6.0.22000.120_none_9d947278b86cc467\COMCTL32.dll
0x00007ffd09810000 - 0x00007ffd09842000 	C:\WINDOWS\System32\IMM32.DLL
0x00007ffd04070000 - 0x00007ffd0407c000 	C:\Program Files\Java\jdk-18.0.1.1\bin\vcruntime140_1.dll
0x00007ffce82c0000 - 0x00007ffce834d000 	C:\Program Files\Java\jdk-18.0.1.1\bin\msvcp140.dll
0x00007ffce02d0000 - 0x00007ffce0ee0000 	C:\Program Files\Java\jdk-18.0.1.1\bin\server\jvm.dll
0x00000181433b0000 - 0x00000181433b8000 	C:\WINDOWS\System32\PSAPI.DLL
0x00007ffcd5e90000 - 0x00007ffcd5e99000 	C:\WINDOWS\SYSTEM32\WSOCK32.dll
0x00007ffd0a070000 - 0x00007ffd0a0df000 	C:\WINDOWS\System32\WS2_32.dll
0x00007ffcfaca0000 - 0x00007ffcfacd3000 	C:\WINDOWS\SYSTEM32\WINMM.dll
0x00007ffd063f0000 - 0x00007ffd06408000 	C:\WINDOWS\SYSTEM32\kernel.appcore.dll
0x00007ffd03bd0000 - 0x00007ffd03bda000 	C:\Program Files\Java\jdk-18.0.1.1\bin\jimage.dll
0x00007ffd04db0000 - 0x00007ffd04fd1000 	C:\WINDOWS\SYSTEM32\DBGHELP.DLL
0x00007ffcf2cf0000 - 0x00007ffcf2d21000 	C:\WINDOWS\SYSTEM32\dbgcore.DLL
0x00007ffd07a80000 - 0x00007ffd07aff000 	C:\WINDOWS\System32\bcryptPrimitives.dll
0x00007ffd04080000 - 0x00007ffd0408e000 	C:\Program Files\Java\jdk-18.0.1.1\bin\instrument.dll
0x00007ffce8240000 - 0x00007ffce8265000 	C:\Program Files\Java\jdk-18.0.1.1\bin\java.dll

dbghelp: loaded successfully - version: 4.0.5 - missing functions: none
symbol engine: initialized successfully - sym options: 0x614 - pdb path: .;C:\Program Files\Java\jdk-18.0.1.1\bin;C:\WINDOWS\SYSTEM32;C:\Program Files\SentinelOne\Sentinel Agent 22.1.4.10010;C:\WINDOWS\WinSxS\amd64_microsoft.windows.common-controls_6595b64144ccf1df_6.0.22000.120_none_9d947278b86cc467;C:\Program Files\Java\jdk-18.0.1.1\bin\server

VM Arguments:
jvm_args: -XX:TieredStopAtLevel=1 -Dspring.output.ansi.enabled=always -Dcom.sun.management.jmxremote -Dspring.jmx.enabled=true -Dspring.liveBeansView.mbeanDomain -Dspring.application.admin.enabled=true -javaagent:C:\Program Files\JetBrains\IntelliJ IDEA 2022.1\lib\idea_rt.jar=61003:C:\Program Files\JetBrains\IntelliJ IDEA 2022.1\bin -Dfile.encoding=UTF-8 -Dsun.stdout.encoding=UTF-8 -Dsun.stderr.encoding=UTF-8 
java_command: com.astralbrands.orders.OrderFormsApplication
java_class_path (initial): C:\Users\jschirm\IdeaProjects\OrderForms-AB-ATLDEV-01\target\classes;C:\Users\jschirm\.m2\repository\org\apache\poi\poi-ooxml\3.9\poi-ooxml-3.9.jar;C:\Users\jschirm\.m2\repository\org\apache\poi\poi\3.9\poi-3.9.jar;C:\Users\jschirm\.m2\repository\commons-codec\commons-codec\1.15\commons-codec-1.15.jar;C:\Users\jschirm\.m2\repository\org\apache\poi\poi-ooxml-schemas\3.9\poi-ooxml-schemas-3.9.jar;C:\Users\jschirm\.m2\repository\org\apache\xmlbeans\xmlbeans\2.3.0\xmlbeans-2.3.0.jar;C:\Users\jschirm\.m2\repository\stax\stax-api\1.0.1\stax-api-1.0.1.jar;C:\Users\jschirm\.m2\repository\dom4j\dom4j\1.6.1\dom4j-1.6.1.jar;C:\Users\jschirm\.m2\repository\xml-apis\xml-apis\1.0.b2\xml-apis-1.0.b2.jar;C:\Users\jschirm\.m2\repository\org\apache\camel\springboot\camel-spring-boot-starter\3.12.0\camel-spring-boot-starter-3.12.0.jar;C:\Users\jschirm\.m2\repository\org\springframework\boot\spring-boot-starter\2.6.1\spring-boot-starter-2.6.1.jar;C:\Users\jschirm\.m2\repository\org\springframework\boot\spring-boot-starter-logging\2.6.1\spring-boot-starter-logging-2.6.1.jar;C:\Users\jschirm\.m2\repository\ch\qos\logback\logback-classic\1.2.7\logback-classic-1.2.7.jar;C:\Users\jschirm\.m2\repository\ch\qos\logback\logback-core\1.2.7\logback-core-1.2.7.jar;C:\Users\jschirm\.m2\repository\org\apache\logging\log4j\log4j-to-slf4j\2.14.1\log4j-to-slf4j-2.14.1.jar;C:\Users\jschirm\.m2\repository\org\apache\logging\log4j\log4j-api\2.14.1\log4j-api-2.14.1.jar;C:\Users\jschirm\.m2\repository\org\slf4j\jul-to-slf4j\1.7.32\jul-to-slf4j-1.7.32.jar;C:\Users\jschirm\.m2\repository\jakarta\annotation\jakarta.annotation-api\1.3.5\jakarta.annotation-api-1.3.5.jar;C:\Users\jschirm\.m2\repository\org\yaml\snakeyaml\1.29\snakeyaml-1.29.jar;C:\Users\jschirm\.m2\repository\org\apache\camel\springboot\camel-spring-boot\3.12.0\camel-spring-boot-3.12.0.jar;C:\Users\jschirm\.m2\repository\org\apache\camel\camel-spring\3.12.0\camel-spring-3.12.0.jar;C:\Users\jschirm\.m2\repository\org\apache\camel\camel-management-api\3.12.0\camel-management-api-3.12.0.jar;C:\Users\jschirm\.m2\repository\org\springframework\spring-aop\5.3.13\spring-aop-5.3.13.jar;C:\Users\jschirm\.m2\repository\org\springframework\spring-expression\5.3.13\spring-expression-5.3.13.jar;C:\Users\jschirm\.m2\repository\org\apache\camel\camel-spring-main\3.12.0\camel-spring-main-3.12.0.jar;C:\Users\jschirm\.m2\repository\org\apache\camel\camel-main\3.12.0\camel-main-3.12.0.jar;C:\Users\jschirm\.m2\repository\org\apache\camel\camel-base\3.12.0\camel-base-3.12.0.jar;C:\Users\jschirm\.m2\repository\org\apache\camel\camel-core-languages\3.12.0\camel-core-languages-3.12.0.jar;C:\Users\jschirm\.m2\repository\org\apache\camel\camel-xml-jaxb-dsl\3.12.0\camel-xml-jaxb-dsl-3.12.0.jar;C:\Users\jschirm\.m2\repository\org\apache\camel\camel-support\3.12.0\camel-support-3.12.0.jar;C:\Users\jschirm\.m2\repository\org\apache\camel\camel-core-model\3.12.0\camel-core-model-3.12.0.jar;C:\Users\jschirm\.m2\repository\org\apache\camel\camel-core-processor\3.12.0\camel-core-processor-3.12.0.jar;C:\Users\jschirm\.m2\repository\org\apache\camel\camel-xml-jaxb\3.12.0\camel-xml-jaxb-3.12.0.jar;C:\Users\jschirm\.m2\repository\com\sun\xml\bind\jaxb-core\2.3.0\jaxb-core-2.3.0.jar;C:\Users\jschirm\.m2\repository\com\sun\xml\bind\jaxb-impl\2.3.3\jaxb-impl-2.3.3.jar;C:\Users\jschirm\.m2\repository\org\apache\camel\camel-dsl-support\3.12.0\camel-dsl-support-3.12.0.jar;C:\Users\jschirm\.m2\repository\org\apache\camel\camel-endpointdsl\3.12.0\camel-endpointdsl-3.12.0.jar;C:\Users\jschirm\.m2\repository\org\apache\camel\camel-spring-xml\3.12.0\camel-spring-xml-3.12.0.jar;C:\Users\jschirm\.m2\repository\org\apache\camel\camel-core-xml\3.12.0\camel-core-xml-3.12.0.jar;C:\Users\jschirm\.m2\repository\org\apache\camel\camel-cloud\3.12.0\camel-cloud-3.12.0.jar;C:\Users\jschirm\.m2\repository\org\apache\camel\camel-cluster\3.12.0\camel-cluster-3.12.0.jar;C:\Users\jschirm\.m2\repository\org\apache\camel\camel-base-engine\3.12.0\camel-base-engine-3.12.0.jar;C:\Users\jschirm\.m2\repository\org\apache\camel\camel-health\3.12.0\camel-health-3.12.0.jar;C:\Users\jschirm\.m2\repository\org\apache\camel\springboot\camel-core-starter\3.12.0\camel-core-starter-3.12.0.jar;C:\Users\jschirm\.m2\repository\org\apache\camel\camel-core-engine\3.12.0\camel-core-engine-3.12.0.jar;C:\Users\jschirm\.m2\repository\org\apache\camel\camel-api\3.12.0\camel-api-3.12.0.jar;C:\Users\jschirm\.m2\repository\org\apache\camel\camel-core-reifier\3.12.0\camel-core-reifier-3.12.0.jar;C:\Users\jschirm\.m2\repository\org\apache\camel\camel-util\3.12.0\camel-util-3.12.0.jar;C:\Users\jschirm\.m2\repository\org\apache\camel\springboot\camel-bean-starter\3.12.0\camel-bean-starter-3.12.0.jar;C:\Users\jschirm\.m2\repository\org\apache\camel\camel-bean\3.12.0\camel-bean-3.12.0.jar;C:\Users\jschirm\.m2\repository\org\apache\camel\springboot\camel-browse-starter\3.12.0\camel-browse-starter-3.12.0.jar;C:\Users\jschirm\.m2\repository\org\apache\camel\camel-browse\3.12.0\camel-browse-3.12.0.jar;C:\Users\jschirm\.m2\repository\org\apache\camel\springboot\camel-controlbus-starter\3.12.0\camel-controlbus-starter-3.12.0.jar;C:\Users\jschirm\.m2\repository\org\apache\camel\camel-controlbus\3.12.0\camel-controlbus-3.12.0.jar;C:\Users\jschirm\.m2\repository\org\apache\camel\springboot\camel-dataformat-starter\3.12.0\camel-dataformat-starter-3.12.0.jar;C:\Users\jschirm\.m2\repository\org\apache\camel\camel-dataformat\3.12.0\camel-dataformat-3.12.0.jar;C:\Users\jschirm\.m2\repository\org\apache\camel\springboot\camel-dataset-starter\3.12.0\camel-dataset-starter-3.12.0.jar;C:\Users\jschirm\.m2\repository\org\apache\camel\camel-dataset\3.12.0\camel-dataset-3.12.0.jar;C:\Users\jschirm\.m2\repository\org\apache\camel\springboot\camel-direct-starter\3.12.0\camel-direct-starter-3.12.0.jar;C:\Users\jschirm\.m2\repository\org\apache\camel\camel-direct\3.12.0\camel-direct-3.12.0.jar;C:\Users\jschirm\.m2\repository\org\apache\camel\springboot\camel-directvm-starter\3.12.0\camel-directvm-starter-3.12.0.jar;C:\Users\jschirm\.m2\repository\org\apache\camel\camel-directvm\3.12.0\camel-directvm-3.12.0.jar;C:\Users\jschirm\.m2\repository\org\apache\camel\springboot\camel-file-starter\3.12.0\camel-file-starter-3.12.0.jar;C:\Users\jschirm\.m2\repository\org\apache\camel\camel-file\3.12.0\camel-file-3.12.0.jar;C:\Users\jschirm\.m2\repository\org\apache\camel\springboot\camel-language-starter\3.12.0\camel-language-starter-3.12.0.jar;C:\Users\jschirm\.m2\repository\org\apache\camel\camel-language\3.12.0\camel-language-3.12.0.jar;C:\Users\jschirm\.m2\repository\org\apache\camel\springboot\camel-log-starter\3.12.0\camel-log-starter-3.12.0.jar;C:\Users\jschirm\.m2\repository\org\apache\camel\camel-log\3.12.0\camel-log-3.12.0.jar;C:\Users\jschirm\.m2\repository\org\apache\camel\springboot\camel-mock-starter\3.12.0\camel-mock-starter-3.12.0.jar;C:\Users\jschirm\.m2\repository\org\apache\camel\camel-mock\3.12.0\camel-mock-3.12.0.jar;C:\Users\jschirm\.m2\repository\org\apache\camel\springboot\camel-ref-starter\3.12.0\camel-ref-starter-3.12.0.jar;C:\Users\jschirm\.m2\repository\org\apache\camel\camel-ref\3.12.0\camel-ref-3.12.0.jar;C:\Users\jschirm\.m2\repository\org\apache\camel\springboot\camel-rest-starter\3.12.0\camel-rest-starter-3.12.0.jar;C:\Users\jschirm\.m2\repository\org\apache\camel\camel-rest\3.12.0\camel-rest-3.12.0.jar;C:\Users\jschirm\.m2\repository\org\apache\camel\camel-tooling-model\3.12.0\camel-tooling-model-3.12.0.jar;C:\Users\jschirm\.m2\repository\org\apache\camel\camel-util-json\3.12.0\camel-util-json-3.12.0.jar;C:\Users\jschirm\.m2\repository\org\apache\camel\springboot\camel-saga-starter\3.12.0\camel-saga-starter-3.12.0.jar;C:\Users\jschirm\.m2\repository\org\apache\camel\camel-saga\3.12.0\camel-saga-3.12.0.jar;C:\Users\jschirm\.m2\repository\org\apache\camel\springboot\camel-scheduler-starter\3.12.0\camel-scheduler-starter-3.12.0.jar;C:\Users\jschirm\.m2\repository\org\apache\camel\camel-scheduler\3.12.0\camel-scheduler-3.12.0.jar;C:\Users\jschirm\.m2\repository\org\apache\camel\springboot\camel-seda-starter\3.12.0\camel-seda-starter-3.12.0.jar;C:\Users\jschirm\.m2\repository\org\apache\camel\camel-seda\3.12.0\camel-seda-3.12.0.jar;C:\Users\jschirm\.m2\repository\org\apache\camel\springboot\camel-stub-starter\3.12.0\camel-stub-starter-3.12.0.jar;C:\Users\jschirm\.m2\repository\org\apache\camel\camel-stub\3.12.0\camel-stub-3.12.0.jar;C:\Users\jschirm\.m2\repository\org\apache\camel\springboot\camel-timer-starter\3.12.0\camel-timer-starter-3.12.0.jar;C:\Users\jschirm\.m2\repository\org\apache\camel\camel-timer\3.12.0\camel-timer-3.12.0.jar;C:\Users\jschirm\.m2\repository\org\apache\camel\springboot\camel-validator-starter\3.12.0\camel-validator-starter-3.12.0.jar;C:\Users\jschirm\.m2\repository\org\apache\camel\camel-validator\3.12.0\camel-validator-3.12.0.jar;C:\Users\jschirm\.m2\repository\org\apache\camel\springboot\camel-vm-starter\3.12.0\camel-vm-starter-3.12.0.jar;C:\Users\jschirm\.m2\repository\org\apache\camel\camel-vm\3.12.0\camel-vm-3.12.0.jar;C:\Users\jschirm\.m2\repository\org\apache\camel\springboot\camel-xpath-starter\3.12.0\camel-xpath-starter-3.12.0.jar;C:\Users\jschirm\.m2\repository\org\apache\camel\camel-xpath\3.12.0\camel-xpath-3.12.0.jar;C:\Users\jschirm\.m2\repository\org\apache\camel\springboot\camel-xslt-starter\3.12.0\camel-xslt-starter-3.12.0.jar;C:\Users\jschirm\.m2\repository\org\apache\camel\camel-xslt\3.12.0\camel-xslt-3.12.0.jar;C:\Users\jschirm\.m2\repository\org\apache\camel\springboot\camel-xml-jaxp-starter\3.12.0\camel-xml-jaxp-starter-3.12.0.jar;C:\Users\jschirm\.m2\repository\org\apache\camel\camel-xml-jaxp\3.12.0\camel-xml-jaxp-3.12.0.jar;C:\Users\jschirm\.m2\repository\org\apache\camel\camel-xml-io-util\3.12.0\camel-xml-io-util-3.12.0.jar;C:\Users\jschirm\.m2\repository\org\springframework\boot\spring-boot-starter-mail\2.6.1\spring-boot-starter-mail-2.6.1.jar;C:\Users\jschirm\.m2\repository\org\springframework\spring-context-support\5.3.13\spring-context-support-5.3.13.jar;C:\Users\jschirm\.m2\repository\org\springframework\spring-beans\5.3.13\spring-beans-5.3.13.jar;C:\Users\jschirm\.m2\repository\org\springframework\spring-context\5.3.13\spring-context-5.3.13.jar;C:\Users\jschirm\.m2\repository\com\sun\mail\jakarta.mail\1.6.7\jakarta.mail-1.6.7.jar;C:\Users\jschirm\.m2\repository\com\sun\activation\jakarta.activation\1.2.2\jakarta.activation-1.2.2.jar;C:\Users\jschirm\.m2\repository\com\microsoft\sqlserver\mssql-jdbc\9.4.0.jre8\mssql-jdbc-9.4.0.jre8.jar;C:\Users\jschirm\.m2\repository\org\springframework\boot\spring-boot-starter-jdbc\2.6.1\spring-boot-starter-jdbc-2.6.1.jar;C:\Users\jschirm\.m2\repository\com\zaxxer\HikariCP\4.0.3\HikariCP-4.0.3.jar;C:\Users\jschirm\.m2\repository\org\springframework\spring-jdbc\5.3.13\spring-jdbc-5.3.13.jar;C:\Users\jschirm\.m2\repository\org\springframework\spring-tx\5.3.13\spring-tx-5.3.13.jar;C:\Users\jschirm\.m2\repository\org\springframework\boot\spring-boot-devtools\2.6.1\spring-boot-devtools-2.6.1.jar;C:\Users\jschirm\.m2\repository\org\springframework\boot\spring-boot\2.6.1\spring-boot-2.6.1.jar;C:\Users\jschirm\.m2\repository\org\springframework\boot\spring-boot-autoconfigure\2.6.1\spring-boot-autoconfigure-2.6.1.jar;C:\Users\jschirm\.m2\repository\jakarta\xml\bind\jakarta.xml.bind-api\2.3.3\jakarta.xml.bind-api-2.3.3.jar;C:\Users\jschirm\.m2\repository\jakarta\activation\jakarta.activation-api\1.2.2\jakarta.activation-api-1.2.2.jar;C:\Users\jschirm\.m2\repository\org\springframework\spring-core\5.3.13\spring-core-5.3.13.jar;C:\Users\jschirm\.m2\repository\org\springframework\spring-jcl\5.3.13\spring-jcl-5.3.13.jar;C:\Users\jschirm\.m2\repository\org\quartz-scheduler\quartz\2.3.2\quartz-2.3.2.jar;C:\Users\jschirm\.m2\repository\com\mchange\mchange-commons-java\0.2.15\mchange-commons-java-0.2.15.jar;C:\Users\jschirm\.m2\repository\org\slf4j\slf4j-api\1.7.32\slf4j-api-1.7.32.jar
Launcher Type: SUN_STANDARD

[Global flags]
     intx CICompilerCount                          = 4                                         {product} {ergonomic}
     uint ConcGCThreads                            = 2                                         {product} {ergonomic}
     uint G1ConcRefinementThreads                  = 8                                         {product} {ergonomic}
   size_t G1HeapRegionSize                         = 1048576                                   {product} {ergonomic}
    uintx GCDrainStackTargetSize                   = 64                                        {product} {ergonomic}
   size_t InitialHeapSize                          = 130023424                                 {product} {ergonomic}
     bool ManagementServer                         = true                                      {product} {command line}
   size_t MarkStackSize                            = 4194304                                   {product} {ergonomic}
   size_t MaxHeapSize                              = 2080374784                                {product} {ergonomic}
   size_t MinHeapDeltaBytes                        = 1048576                                   {product} {ergonomic}
   size_t MinHeapSize                              = 8388608                                   {product} {ergonomic}
    uintx NonProfiledCodeHeapSize                  = 0                                      {pd product} {ergonomic}
     bool ProfileInterpreter                       = false                                  {pd product} {command line}
    uintx ProfiledCodeHeapSize                     = 0                                      {pd product} {ergonomic}
   size_t SoftMaxHeapSize                          = 2080374784                             {manageable} {ergonomic}
     intx TieredStopAtLevel                        = 1                                         {product} {command line}
     bool UseCompressedClassPointers               = true                           {product lp64_product} {ergonomic}
     bool UseCompressedOops                        = true                           {product lp64_product} {ergonomic}
     bool UseG1GC                                  = true                                      {product} {ergonomic}
     bool UseLargePagesIndividualAllocation        = false                                  {pd product} {ergonomic}

Logging:
Log output configuration:
 #0: stdout all=warning uptime,level,tags foldmultilines=false
 #1: stderr all=off uptime,level,tags foldmultilines=false

Environment Variables:
JAVA_HOME=C:\Program Files\Java\jdk8u352
PATH=C:\Program Files\Java\jdk8u352\bin;C:\Program Files (x86)\VMware\VMware Player\bin\;C:\Program Files\Common Files\Oracle\Java\javapath;C:\Program Files (x86)\Common Files\Oracle\Java\javapath;C:\Python310\Scripts\;C:\Python310\;C:\WINDOWS\system32;C:\WINDOWS;C:\WINDOWS\System32\Wbem;C:\WINDOWS\System32\WindowsPowerShell\v1.0\;C:\WINDOWS\System32\OpenSSH\;C:\Program Files\Microsoft SQL Server\Client SDK\ODBC\170\Tools\Binn\;C:\Program Files (x86)\Microsoft SQL Server\150\Tools\Binn\;C:\Program Files\Microsoft SQL Server\150\Tools\Binn\;C:\Program Files\Microsoft SQL Server\150\DTS\Binn\;C:\Program Files (x86)\Microsoft SQL Server\150\DTS\Binn\;C:\Program Files\Azure Data Studio\bin;C:\Program Files\Git\cmd;C:\Users\jschirm\nodejs\;C:\ProgramData\chocolatey\bin;C:\Program Files (x86)\Pulse Secure\VC142.CRT\X64\;C:\Program Files (x86)\Pulse Secure\VC142.CRT\X86\;C:\Program Files (x86)\Common Files\Pulse Secure\TNC Client Plugin\;C:\Program Files\PuTTY\;C:\Users\jschirm\AppData\Local\Microsoft\WindowsApps;C:\User;C:\Users\jschirm\AppData\Local\Microsoft\WindowsApps;C:\Program Files\Azure Data Studio\bin;C:\Users\jschirm\AppData\Local\GitHubDesktop\bin;C:\Users\jschirm\AppData\Local\Programs\Microsoft VS Code\bin;C:\Users\jschirm\AppData\Roaming\npm;C:\MinGW\bin;
USERNAME=jschirm
OS=Windows_NT
PROCESSOR_IDENTIFIER=Intel64 Family 6 Model 140 Stepping 2, GenuineIntel



---------------  S Y S T E M  ---------------

OS:
 Windows 11 , 64 bit Build 22000 (10.0.22000.1219)
OS uptime: 4 days 0:58 hours
Hyper-V role detected

CPU: total 8 (initial active 8) (4 cores per cpu, 2 threads per core) family 6 model 140 stepping 2 microcode 0x16, cx8, cmov, fxsr, ht, mmx, 3dnowpref, sse, sse2, sse3, ssse3, sse4.1, sse4.2, popcnt, lzcnt, tsc, tscinvbit, avx, avx2, aes, erms, clmul, bmi1, bmi2, adx, avx512f, avx512dq, avx512cd, avx512bw, avx512vl, sha, fma, vzeroupper, avx512_vpopcntdq, avx512_vpclmulqdq, avx512_vaes, avx512_vnni, clflush, clflushopt, clwb, avx512_vbmi2, avx512_vbmi, hv

Memory: 4k page, system-wide physical 7934M (63M free)
TotalPageFile size 32510M (AvailPageFile size 123M)
current process WorkingSet (physical memory assigned to process): 17M, peak: 17M
current process commit charge ("private bytes"): 58M, peak: 182M

vm_info: Java HotSpot(TM) 64-Bit Server VM (18.0.1.1+2-6) for windows-amd64 JRE (18.0.1.1+2-6), built on Apr 25 2022 21:53:15 by "mach5one" with MS VC++ 16.8 / 16.9 (VS2019)

END.
